{"contracts/interfaces/IERC20.sol":{"l":{},"path":"/src/contracts/interfaces/IERC20.sol","s":{},"b":{},"f":{},"fnMap":{},"statementMap":{},"branchMap":{}},"contracts/interfaces/IERC20Detailed.sol":{"l":{},"path":"/src/contracts/interfaces/IERC20Detailed.sol","s":{},"b":{},"f":{},"fnMap":{},"statementMap":{},"branchMap":{}},"contracts/interfaces/ITransferHook.sol":{"l":{},"path":"/src/contracts/interfaces/ITransferHook.sol","s":{},"b":{},"f":{},"fnMap":{},"statementMap":{},"branchMap":{}},"contracts/token/AaveToken.sol":{"l":{"65":1,"68":1,"72":1,"79":1,"80":1,"81":1,"82":1,"83":1,"84":1,"107":7,"109":6,"110":4,"111":4,"120":4,"121":2,"122":2,"129":1,"139":16,"141":16,"142":16,"145":16,"146":2,"148":14,"149":14,"152":16,"165":10,"166":1,"169":9,"170":7,"171":7,"173":9,"174":9,"175":9,"179":9,"180":9,"181":9},"path":"/src/contracts/token/AaveToken.sol","s":{"1":1,"2":1,"3":1,"4":1,"5":1,"6":1,"7":1,"8":1,"9":7,"10":6,"11":4,"12":4,"13":4,"14":2,"15":2,"16":1,"17":16,"18":16,"19":16,"20":16,"21":2,"22":14,"23":14,"24":16,"25":10,"26":1,"27":9,"28":7,"29":7,"30":9,"31":9,"32":9,"33":9,"34":9,"35":9},"b":{"1":[6,1],"2":[4,2],"3":[2,2],"4":[2,14],"5":[1,9],"6":[7,2],"7":[9,0],"8":[9,0]},"f":{"1":3,"2":1,"3":7,"4":1,"5":16,"6":10},"fnMap":{"1":{"name":"constructor","line":52,"loc":{"start":{"line":52,"column":4},"end":{"line":52,"column":46}}},"2":{"name":"initialize","line":63,"loc":{"start":{"line":59,"column":4},"end":{"line":85,"column":4}}},"3":{"name":"permit","line":98,"loc":{"start":{"line":98,"column":4},"end":{"line":123,"column":4}}},"4":{"name":"getRevision","line":128,"loc":{"start":{"line":128,"column":4},"end":{"line":130,"column":4}}},"5":{"name":"_writeSnapshot","line":138,"loc":{"start":{"line":138,"column":4},"end":{"line":153,"column":4}}},"6":{"name":"_beforeTokenTransfer","line":164,"loc":{"start":{"line":164,"column":4},"end":{"line":183,"column":4}}}},"statementMap":{"1":{"start":{"line":65,"column":8},"end":{"line":65,"column":23}},"2":{"start":{"line":72,"column":8},"end":{"line":72,"column":2610}},"3":{"start":{"line":79,"column":8},"end":{"line":79,"column":19}},"4":{"start":{"line":80,"column":8},"end":{"line":80,"column":23}},"5":{"start":{"line":81,"column":8},"end":{"line":81,"column":31}},"6":{"start":{"line":82,"column":8},"end":{"line":82,"column":39}},"7":{"start":{"line":83,"column":8},"end":{"line":83,"column":40}},"8":{"start":{"line":84,"column":8},"end":{"line":84,"column":46}},"9":{"start":{"line":107,"column":8},"end":{"line":107,"column":52}},"10":{"start":{"line":109,"column":8},"end":{"line":109,"column":65}},"11":{"start":{"line":110,"column":8},"end":{"line":110,"column":50}},"12":{"start":{"line":111,"column":8},"end":{"line":111,"column":3882}},"13":{"start":{"line":120,"column":8},"end":{"line":120,"column":72}},"14":{"start":{"line":121,"column":8},"end":{"line":121,"column":48}},"15":{"start":{"line":122,"column":8},"end":{"line":122,"column":38}},"16":{"start":{"line":129,"column":8},"end":{"line":129,"column":23}},"17":{"start":{"line":139,"column":8},"end":{"line":139,"column":52}},"18":{"start":{"line":141,"column":8},"end":{"line":141,"column":63}},"19":{"start":{"line":142,"column":8},"end":{"line":142,"column":80}},"20":{"start":{"line":145,"column":8},"end":{"line":145,"column":5153}},"21":{"start":{"line":146,"column":12},"end":{"line":146,"column":72}},"22":{"start":{"line":148,"column":12},"end":{"line":148,"column":83}},"23":{"start":{"line":149,"column":12},"end":{"line":149,"column":65}},"24":{"start":{"line":152,"column":8},"end":{"line":152,"column":52}},"25":{"start":{"line":165,"column":8},"end":{"line":165,"column":6046}},"26":{"start":{"line":166,"column":12},"end":{"line":166,"column":18}},"27":{"start":{"line":169,"column":8},"end":{"line":169,"column":6103}},"28":{"start":{"line":170,"column":12},"end":{"line":170,"column":49}},"29":{"start":{"line":171,"column":12},"end":{"line":171,"column":87}},"30":{"start":{"line":173,"column":8},"end":{"line":173,"column":6288}},"31":{"start":{"line":174,"column":12},"end":{"line":174,"column":45}},"32":{"start":{"line":175,"column":12},"end":{"line":175,"column":81}},"33":{"start":{"line":179,"column":8},"end":{"line":179,"column":54}},"34":{"start":{"line":180,"column":8},"end":{"line":180,"column":6595}},"35":{"start":{"line":181,"column":12},"end":{"line":181,"column":54}}},"branchMap":{"1":{"line":107,"type":"if","locations":[{"start":{"line":107,"column":8},"end":{"line":107,"column":8}},{"start":{"line":107,"column":8},"end":{"line":107,"column":8}}]},"2":{"line":109,"type":"if","locations":[{"start":{"line":109,"column":8},"end":{"line":109,"column":8}},{"start":{"line":109,"column":8},"end":{"line":109,"column":8}}]},"3":{"line":120,"type":"if","locations":[{"start":{"line":120,"column":8},"end":{"line":120,"column":8}},{"start":{"line":120,"column":8},"end":{"line":120,"column":8}}]},"4":{"line":145,"type":"if","locations":[{"start":{"line":145,"column":8},"end":{"line":145,"column":8}},{"start":{"line":145,"column":8},"end":{"line":145,"column":8}}]},"5":{"line":165,"type":"if","locations":[{"start":{"line":165,"column":8},"end":{"line":165,"column":8}},{"start":{"line":165,"column":8},"end":{"line":165,"column":8}}]},"6":{"line":169,"type":"if","locations":[{"start":{"line":169,"column":8},"end":{"line":169,"column":8}},{"start":{"line":169,"column":8},"end":{"line":169,"column":8}}]},"7":{"line":173,"type":"if","locations":[{"start":{"line":173,"column":8},"end":{"line":173,"column":8}},{"start":{"line":173,"column":8},"end":{"line":173,"column":8}}]},"8":{"line":180,"type":"if","locations":[{"start":{"line":180,"column":8},"end":{"line":180,"column":8}},{"start":{"line":180,"column":8},"end":{"line":180,"column":8}}]}}},"contracts/token/LendToAaveMigrator.sol":{"l":{"37":3,"38":3,"39":3,"52":2,"62":3,"64":2,"65":2,"66":2,"67":2,"75":2},"path":"/src/contracts/token/LendToAaveMigrator.sol","s":{"1":3,"2":3,"3":3,"4":2,"5":3,"6":2,"7":2,"8":2,"9":2,"10":2},"b":{"1":[2,1]},"f":{"1":3,"2":2,"3":2,"4":3,"5":2},"fnMap":{"1":{"name":"constructor","line":36,"loc":{"start":{"line":36,"column":4},"end":{"line":40,"column":4}}},"2":{"name":"initialize","line":45,"loc":{"start":{"line":45,"column":4},"end":{"line":46,"column":4}}},"3":{"name":"migrationStarted","line":51,"loc":{"start":{"line":51,"column":4},"end":{"line":53,"column":4}}},"4":{"name":"migrateFromLEND","line":61,"loc":{"start":{"line":61,"column":4},"end":{"line":68,"column":4}}},"5":{"name":"getRevision","line":74,"loc":{"start":{"line":74,"column":4},"end":{"line":76,"column":4}}}},"statementMap":{"1":{"start":{"line":37,"column":8},"end":{"line":37,"column":18}},"2":{"start":{"line":38,"column":8},"end":{"line":38,"column":18}},"3":{"start":{"line":39,"column":8},"end":{"line":39,"column":38}},"4":{"start":{"line":52,"column":8},"end":{"line":52,"column":43}},"5":{"start":{"line":62,"column":8},"end":{"line":62,"column":69}},"6":{"start":{"line":64,"column":8},"end":{"line":64,"column":58}},"7":{"start":{"line":65,"column":8},"end":{"line":65,"column":59}},"8":{"start":{"line":66,"column":8},"end":{"line":66,"column":61}},"9":{"start":{"line":67,"column":8},"end":{"line":67,"column":45}},"10":{"start":{"line":75,"column":8},"end":{"line":75,"column":23}}},"branchMap":{"1":{"line":62,"type":"if","locations":[{"start":{"line":62,"column":8},"end":{"line":62,"column":8}},{"start":{"line":62,"column":8},"end":{"line":62,"column":8}}]}}},"contracts/utils/DoubleTransferHelper.sol":{"l":{"11":3,"15":1,"16":1},"path":"/src/contracts/utils/DoubleTransferHelper.sol","s":{"1":3,"2":1,"3":1},"b":{},"f":{"1":3,"2":1},"fnMap":{"1":{"name":"constructor","line":10,"loc":{"start":{"line":10,"column":4},"end":{"line":12,"column":4}}},"2":{"name":"doubleSend","line":14,"loc":{"start":{"line":14,"column":4},"end":{"line":17,"column":4}}}},"statementMap":{"1":{"start":{"line":11,"column":8},"end":{"line":11,"column":18}},"2":{"start":{"line":15,"column":8},"end":{"line":15,"column":33}},"3":{"start":{"line":16,"column":8},"end":{"line":16,"column":33}}},"branchMap":{}},"contracts/utils/MintableErc20.sol":{"l":{"12":3,"20":2,"21":2},"path":"/src/contracts/utils/MintableErc20.sol","s":{"1":3,"2":2,"3":2},"b":{},"f":{"1":3,"2":2},"fnMap":{"1":{"name":"constructor","line":11,"loc":{"start":{"line":11,"column":4},"end":{"line":13,"column":4}}},"2":{"name":"mint","line":19,"loc":{"start":{"line":19,"column":4},"end":{"line":22,"column":4}}}},"statementMap":{"1":{"start":{"line":12,"column":8},"end":{"line":12,"column":31}},"2":{"start":{"line":20,"column":8},"end":{"line":20,"column":31}},"3":{"start":{"line":21,"column":8},"end":{"line":21,"column":19}}},"branchMap":{}},"contracts/utils/MockTransferHook.sol":{"l":{"10":9},"path":"/src/contracts/utils/MockTransferHook.sol","s":{"1":9},"b":{},"f":{"1":9},"fnMap":{"1":{"name":"onTransfer","line":9,"loc":{"start":{"line":9,"column":4},"end":{"line":11,"column":4}}}},"statementMap":{"1":{"start":{"line":10,"column":8},"end":{"line":10,"column":28}}},"branchMap":{}},"contracts/utils/VersionedInitializable.sol":{"l":{"28":3,"29":3,"31":3,"33":3},"path":"/src/contracts/utils/VersionedInitializable.sol","s":{"1":3,"2":3,"3":3},"b":{"1":[3,0]},"f":{"1":3},"fnMap":{"1":{"name":"initializer","line":27,"loc":{"start":{"line":27,"column":4},"end":{"line":35,"column":4}}}},"statementMap":{"1":{"start":{"line":28,"column":8},"end":{"line":28,"column":40}},"2":{"start":{"line":29,"column":8},"end":{"line":29,"column":100}},"3":{"start":{"line":31,"column":8},"end":{"line":31,"column":41}}},"branchMap":{"1":{"line":29,"type":"if","locations":[{"start":{"line":29,"column":8},"end":{"line":29,"column":8}},{"start":{"line":29,"column":8},"end":{"line":29,"column":8}}]}}}}